#
# There is insufficient memory for the Java Runtime Environment to continue.
# Native memory allocation (mmap) failed to map 132120576 bytes for G1 virtual space
# Possible reasons:
#   The system is out of physical RAM or swap space
#   The process is running with CompressedOops enabled, and the Java Heap may be blocking the growth of the native heap
# Possible solutions:
#   Reduce memory load on the system
#   Increase physical memory or swap space
#   Check if swap backing store is full
#   Decrease Java heap size (-Xmx/-Xms)
#   Decrease number of Java threads
#   Decrease Java thread stack sizes (-Xss)
#   Set larger code cache with -XX:ReservedCodeCacheSize=
#   JVM is running with Unscaled Compressed Oops mode in which the Java heap is
#     placed in the first 4GB address space. The Java Heap base address is the
#     maximum limit for the native heap growth. Please use -XX:HeapBaseMinAddress
#     to set the Java Heap base and to place the Java Heap above 4GB virtual address.
# This output file may be truncated or incomplete.
#
#  Out of Memory Error (os_windows.cpp:3532), pid=7516, tid=1384
#
# JRE version:  (17.0.2+8) (build )
# Java VM: OpenJDK 64-Bit Server VM (17.0.2+8, mixed mode, sharing, tiered, compressed oops, compressed class ptrs, g1 gc, windows-amd64)
# No core dump will be written. Minidumps are not enabled by default on client versions of Windows
#

---------------  S U M M A R Y ------------

Command Line: -ea -Dfile.encoding=Cp1252 -XX:+ShowCodeDetailsInExceptionMessages org.testng.remote.RemoteTestNG -serport 52034 -protocol json -d C:\Users\poke\GTPL_Automation\test-output C:\Users\poke\GTPL_Automation\testng.xml

Host: Intel(R) Core(TM) i5-7200U CPU @ 2.50GHz, 4 cores, 7G,  Windows 10 , 64 bit Build 19041 (10.0.19041.1202)
Time: Tue Feb 22 18:01:29 2022 India Standard Time elapsed time: 0.039856 seconds (0d 0h 0m 0s)

---------------  T H R E A D  ---------------

Current thread (0x000001203fdbc160):  JavaThread "Unknown thread" [_thread_in_vm, id=1384, stack(0x00000006f4e00000,0x00000006f4f00000)]

Stack: [0x00000006f4e00000,0x00000006f4f00000]
Native frames: (J=compiled Java code, j=interpreted, Vv=VM code, C=native code)
V  [jvm.dll+0x67564a]
V  [jvm.dll+0x82fc04]
V  [jvm.dll+0x8313ae]
V  [jvm.dll+0x831a13]
V  [jvm.dll+0x245235]
V  [jvm.dll+0x672539]
V  [jvm.dll+0x666e82]
V  [jvm.dll+0x30401b]
V  [jvm.dll+0x30b566]
V  [jvm.dll+0x35b1fe]
V  [jvm.dll+0x35b42f]
V  [jvm.dll+0x2daf58]
V  [jvm.dll+0x2dbec4]
V  [jvm.dll+0x801881]
V  [jvm.dll+0x368f81]
V  [jvm.dll+0x7e0cdc]
V  [jvm.dll+0x3eb8bf]
V  [jvm.dll+0x3ed441]
C  [jli.dll+0x5277]
C  [ucrtbase.dll+0x21bb2]
C  [KERNEL32.DLL+0x17034]
C  [ntdll.dll+0x52651]


---------------  P R O C E S S  ---------------

Threads class SMR info:
_java_thread_list=0x00007ffe1d015e98, length=0, elements={
}

Java Threads: ( => current thread )

Other Threads:
  0x000001203fdf8e50 GCTaskThread "GC Thread#0" [stack: 0x00000006f4f00000,0x00000006f5000000] [id=3752]
  0x000001203fe09990 ConcurrentGCThread "G1 Main Marker" [stack: 0x00000006f5000000,0x00000006f5100000] [id=2944]
  0x000001203fe0b7b0 ConcurrentGCThread "G1 Conc#0" [stack: 0x00000006f5100000,0x00000006f5200000] [id=7400]

[error occurred during error reporting (printing all threads), id 0xc0000005, EXCEPTION_ACCESS_VIOLATION (0xc0000005) at pc=0x00007ffe1c7eb9d7]

VM state: not at safepoint (not fully initialized)

VM Mutex/Monitor currently owned by a thread:  ([mutex/lock_event])
[0x000001203fdb67f0] Heap_lock - owner thread: 0x000001203fdbc160

Heap address: 0x0000000082000000, size: 2016 MB, Compressed Oops mode: 32-bit

CDS archive(s) mapped at: [0x0000000000000000-0x0000000000000000-0x0000000000000000), size 0, SharedBaseAddress: 0x0000000800000000, ArchiveRelocationMode: 0.
Narrow klass base: 0x0000000000000000, Narrow klass shift: 0, Narrow klass range: 0x0

GC Precious Log:
<Empty>

Heap:
 garbage-first heap   total 0K, used 0K [0x0000000082000000, 0x0000000100000000)
  region size 1024K, 0 young (0K), 0 survivors (0K)

[error occurred during error reporting (printing heap information), id 0xc0000005, EXCEPTION_ACCESS_VIOLATION (0xc0000005) at pc=0x00007ffe1cbce899]

GC Heap History (0 events):
No events

Deoptimization events (0 events):
No events

Classes unloaded (0 events):
No events

Classes redefined (0 events):
No events

Internal exceptions (0 events):
No events

VM Operations (0 events):
No events

Events (1 events):
Event: 0.026 Loaded shared library C:\Users\poke\.p2\pool\plugins\org.eclipse.justj.openjdk.hotspot.jre.full.win32.x86_64_17.0.2.v20220201-1208\jre\bin\java.dll


Dynamic libraries:
0x00007ff692d40000 - 0x00007ff692d4e000 	C:\Users\poke\.p2\pool\plugins\org.eclipse.justj.openjdk.hotspot.jre.full.win32.x86_64_17.0.2.v20220201-1208\jre\bin\javaw.exe
0x00007ffe49310000 - 0x00007ffe49505000 	C:\Windows\SYSTEM32\ntdll.dll
0x00007ffe47480000 - 0x00007ffe4753e000 	C:\Windows\System32\KERNEL32.DLL
0x00007ffe46e60000 - 0x00007ffe47129000 	C:\Windows\System32\KERNELBASE.dll
0x00007ffe47230000 - 0x00007ffe47330000 	C:\Windows\System32\ucrtbase.dll
0x00007ffe3f670000 - 0x00007ffe3f688000 	C:\Users\poke\.p2\pool\plugins\org.eclipse.justj.openjdk.hotspot.jre.full.win32.x86_64_17.0.2.v20220201-1208\jre\bin\jli.dll
0x00007ffe48150000 - 0x00007ffe482f1000 	C:\Windows\System32\USER32.dll
0x00007ffe46ba0000 - 0x00007ffe46bc2000 	C:\Windows\System32\win32u.dll
0x00007ffe47ed0000 - 0x00007ffe47efb000 	C:\Windows\System32\GDI32.dll
0x00007ffe46a30000 - 0x00007ffe46b3b000 	C:\Windows\System32\gdi32full.dll
0x00007ffe46c60000 - 0x00007ffe46cfd000 	C:\Windows\System32\msvcp_win.dll
0x00007ffe3e170000 - 0x00007ffe3e189000 	C:\Users\poke\.p2\pool\plugins\org.eclipse.justj.openjdk.hotspot.jre.full.win32.x86_64_17.0.2.v20220201-1208\jre\bin\VCRUNTIME140.dll
0x00007ffe337a0000 - 0x00007ffe33a3a000 	C:\Windows\WinSxS\amd64_microsoft.windows.common-controls_6595b64144ccf1df_6.0.19041.1110_none_60b5254171f9507e\COMCTL32.dll
0x00007ffe47d50000 - 0x00007ffe47dee000 	C:\Windows\System32\msvcrt.dll
0x00007ffe47cc0000 - 0x00007ffe47cf0000 	C:\Windows\System32\IMM32.DLL
0x00007ffe3e420000 - 0x00007ffe3e42c000 	C:\Users\poke\.p2\pool\plugins\org.eclipse.justj.openjdk.hotspot.jre.full.win32.x86_64_17.0.2.v20220201-1208\jre\bin\vcruntime140_1.dll
0x00007ffe30450000 - 0x00007ffe304e1000 	C:\Users\poke\.p2\pool\plugins\org.eclipse.justj.openjdk.hotspot.jre.full.win32.x86_64_17.0.2.v20220201-1208\jre\bin\msvcp140.dll
0x00007ffe1c500000 - 0x00007ffe1d147000 	C:\Users\poke\.p2\pool\plugins\org.eclipse.justj.openjdk.hotspot.jre.full.win32.x86_64_17.0.2.v20220201-1208\jre\bin\server\jvm.dll
0x00007ffe48fc0000 - 0x00007ffe4906c000 	C:\Windows\System32\ADVAPI32.dll
0x00007ffe477d0000 - 0x00007ffe4786b000 	C:\Windows\System32\sechost.dll
0x00007ffe491a0000 - 0x00007ffe492ca000 	C:\Windows\System32\RPCRT4.dll
0x00007ffe47cb0000 - 0x00007ffe47cb8000 	C:\Windows\System32\PSAPI.DLL
0x00007ffe33150000 - 0x00007ffe33159000 	C:\Windows\SYSTEM32\WSOCK32.dll
0x00007ffe2a870000 - 0x00007ffe2a897000 	C:\Windows\SYSTEM32\WINMM.dll
0x00007ffe480c0000 - 0x00007ffe4812b000 	C:\Windows\System32\WS2_32.dll
0x00007ffe3d4f0000 - 0x00007ffe3d4fa000 	C:\Windows\SYSTEM32\VERSION.dll
0x00007ffe452b0000 - 0x00007ffe452c2000 	C:\Windows\SYSTEM32\kernel.appcore.dll
0x00007ffe3e3e0000 - 0x00007ffe3e3ea000 	C:\Users\poke\.p2\pool\plugins\org.eclipse.justj.openjdk.hotspot.jre.full.win32.x86_64_17.0.2.v20220201-1208\jre\bin\jimage.dll
0x00007ffe44820000 - 0x00007ffe44a04000 	C:\Windows\SYSTEM32\DBGHELP.DLL
0x00007ffe379a0000 - 0x00007ffe379cc000 	C:\Windows\SYSTEM32\dbgcore.DLL
0x00007ffe46bd0000 - 0x00007ffe46c53000 	C:\Windows\System32\bcryptPrimitives.dll
0x00007ffe3cd60000 - 0x00007ffe3cd85000 	C:\Users\poke\.p2\pool\plugins\org.eclipse.justj.openjdk.hotspot.jre.full.win32.x86_64_17.0.2.v20220201-1208\jre\bin\java.dll

dbghelp: loaded successfully - version: 4.0.5 - missing functions: none
symbol engine: initialized successfully - sym options: 0x614 - pdb path: .;C:\Users\poke\.p2\pool\plugins\org.eclipse.justj.openjdk.hotspot.jre.full.win32.x86_64_17.0.2.v20220201-1208\jre\bin;C:\Windows\SYSTEM32;C:\Windows\WinSxS\amd64_microsoft.windows.common-controls_6595b64144ccf1df_6.0.19041.1110_none_60b5254171f9507e;C:\Users\poke\.p2\pool\plugins\org.eclipse.justj.openjdk.hotspot.jre.full.win32.x86_64_17.0.2.v20220201-1208\jre\bin\server

VM Arguments:
jvm_args: -ea -Dfile.encoding=Cp1252 -XX:+ShowCodeDetailsInExceptionMessages 
java_command: org.testng.remote.RemoteTestNG -serport 52034 -protocol json -d C:\Users\poke\GTPL_Automation\test-output C:\Users\poke\GTPL_Automation\testng.xml
java_class_path (initial): C:\Users\poke\eclipse\java-2021-12\eclipse\configuration\org.eclipse.osgi\432\0\.cp\lib\testng-remote.jar;C:\Users\poke\GTPL_Automation\target\test-classes;C:\Users\poke\GTPL_Automation\target\classes;C:\Users\poke\.p2\pool\plugins\org.testng_7.4.0.r202105021533.jar;C:\Users\poke\.p2\pool\plugins\com.beust.jcommander_1.78.0.jar;C:\Users\poke\.p2\pool\plugins\org.apache-extras.beanshell.bsh_2.0.0.b6.jar;C:\Users\poke\.p2\pool\plugins\org.yaml.snakeyaml_1.21.0.jar;C:\Users\poke\.p2\pool\plugins\org.webjars.jquery_3.5.1.jar;C:\Users\poke\.m2\repository\info\cukes\cucumber-java\1.1.5\cucumber-java-1.1.5.jar;C:\Users\poke\.m2\repository\info\cukes\cucumber-junit\1.1.5\cucumber-junit-1.1.5.jar;C:\Users\poke\.m2\repository\net\sourceforge\cobertura\cobertura\2.1.1\cobertura-2.1.1.jar;C:\Users\poke\.m2\repository\org\ow2\asm\asm\5.0.1\asm-5.0.1.jar;C:\Users\poke\.m2\repository\org\ow2\asm\asm-tree\5.0.1\asm-tree-5.0.1.jar;C:\Users\poke\.m2\repository\org\ow2\asm\asm-commons\5.0.1\asm-commons-5.0.1.jar;C:\Users\poke\.m2\repository\org\ow2\asm\asm-util\5.0.1\asm-util-5.0.1.jar;C:\Users\poke\.m2\repository\org\ow2\asm\asm-analysis\5.0.1\asm-analysis-5.0.1.jar;C:\Users\poke\.m2\repository\oro\oro\2.0.8\oro-2.0.8.jar;C:\Users\poke\.m2\repository\jaxen\jaxen\1.1.4\jaxen-1.1.4.jar;C:\Users\poke\.m2\repository\org\apache\ant\ant\1.8.3\ant-1.8.3.jar;C:\Users\poke\.m2\repository\org\apache\ant\ant-launcher\1.8.3\ant-launcher-1.8.3.jar;C:\Users\poke\.m2\repository\org\apache\ant\ant-junit\1.8.3\ant-junit-1.8.3.jar;C:\Users\poke\.m2\repository\org\mortbay\jetty\servlet-api-2.5\6.1.14\servlet-api-2.5-6.1.14.jar;C:\Users\poke\.m2\repository\org\mortbay\jetty\jetty\6.1.14\jetty-6.1.14.jar;C:\Users\poke\.m2\repository\org\mortbay\jetty\jetty-util\6.1.14\jetty-util-6.1.14.jar;C:\Users\poke\.m2\repository\org\slf4j\slf4j-api\1.7.5\slf4j-api-1.7.5.jar;C:\Users\poke\.m2\repository\ch\qos\logback\logback-classic\1.0.13\logback-classic-1.0.13.jar;C:\Users\poke\.m2\re
Launcher Type: SUN_STANDARD

[Global flags]
     intx CICompilerCount                          = 3                                         {product} {ergonomic}
     uint ConcGCThreads                            = 1                                         {product} {ergonomic}
     uint G1ConcRefinementThreads                  = 4                                         {product} {ergonomic}
   size_t G1HeapRegionSize                         = 1048576                                   {product} {ergonomic}
    uintx GCDrainStackTargetSize                   = 64                                        {product} {ergonomic}
   size_t InitialHeapSize                          = 132120576                                 {product} {ergonomic}
   size_t MarkStackSize                            = 4194304                                   {product} {ergonomic}
   size_t MaxHeapSize                              = 2113929216                                {product} {ergonomic}
   size_t MinHeapDeltaBytes                        = 1048576                                   {product} {ergonomic}
   size_t MinHeapSize                              = 8388608                                   {product} {ergonomic}
    uintx NonNMethodCodeHeapSize                   = 5832780                                {pd product} {ergonomic}
    uintx NonProfiledCodeHeapSize                  = 122912730                              {pd product} {ergonomic}
    uintx ProfiledCodeHeapSize                     = 122912730                              {pd product} {ergonomic}
    uintx ReservedCodeCacheSize                    = 251658240                              {pd product} {ergonomic}
     bool SegmentedCodeCache                       = true                                      {product} {ergonomic}
     bool ShowCodeDetailsInExceptionMessages       = true                                   {manageable} {command line}
   size_t SoftMaxHeapSize                          = 2113929216                             {manageable} {ergonomic}
     bool UseCompressedClassPointers               = true                           {product lp64_product} {ergonomic}
     bool UseCompressedOops                        = true                           {product lp64_product} {ergonomic}
     bool UseG1GC                                  = true                                      {product} {ergonomic}
     bool UseLargePagesIndividualAllocation        = false                                  {pd product} {ergonomic}

Logging:
Log output configuration:
 #0: stdout all=warning uptime,level,tags
 #1: stderr all=off uptime,level,tags

Environment Variables:
PATH=C:/Users/poke/.p2/pool/plugins/org.eclipse.justj.openjdk.hotspot.jre.full.win32.x86_64_17.0.2.v20220201-1208/jre/bin/server;C:/Users/poke/.p2/pool/plugins/org.eclipse.justj.openjdk.hotspot.jre.full.win32.x86_64_17.0.2.v20220201-1208/jre/bin;C:\Windows\system32;C:\Windows;C:\Windows\System32\Wbem;C:\Windows\System32\WindowsPowerShell\v1.0\;C:\Windows\System32\OpenSSH\;C:\Program Files\Git\cmd;C:\Users\poke\AppData\Local\Microsoft\WindowsApps;;C:\Users\poke\Desktop;
USERNAME=poke
OS=Windows_NT
PROCESSOR_IDENTIFIER=Intel64 Family 6 Model 142 Stepping 9, GenuineIntel



---------------  S Y S T E M  ---------------

OS:
 Windows 10 , 64 bit Build 19041 (10.0.19041.1202)
OS uptime: 0 days 9:24 hours

CPU: total 4 (initial active 4) (2 cores per cpu, 2 threads per core) family 6 model 142 stepping 9 microcode 0xb4, cx8, cmov, fxsr, ht, mmx, 3dnowpref, sse, sse2, sse3, ssse3, sse4.1, sse4.2, popcnt, lzcnt, tsc, tscinvbit, avx, avx2, aes, erms, clmul, bmi1, bmi2, adx, fma, vzeroupper, clflush, clflushopt

Memory: 4k page, system-wide physical 8058M (284M free)
TotalPageFile size 32634M (AvailPageFile size 104M)
current process WorkingSet (physical memory assigned to process): 10M, peak: 10M
current process commit charge ("private bytes"): 51M, peak: 177M

vm_info: OpenJDK 64-Bit Server VM (17.0.2+8) for windows-amd64 JRE (17.0.2+8), built on Jan 20 2022 04:52:34 by "" with MS VC++ 16.7 (VS2019)

END.
